ERROR [AWT-EventQueue-0] 2022-11-30T21:19:16,328 MessageCenter.INTERNAL.repast.simphony.visualization.engine.DisplayProducer - Error creating display for GIS 3D
repast.simphony.visualization.engine.DisplayCreationException: Error while creating display.
	at repast.simphony.gis.visualization.engine.DisplayCreator3DGIS.createDisplay(DisplayCreator3DGIS.java:82) ~[?:?]
	at repast.simphony.visualization.engine.DisplayProducer.createDisplay(DisplayProducer.java:62) ~[?:?]
	at repast.simphony.visualization.engine.DisplayComponentControllerAction.runInitialize(DisplayComponentControllerAction.java:116) ~[?:?]
	at repast.simphony.engine.controller.DefaultController$2.visit(DefaultController.java:214) ~[?:?]
	at repast.simphony.engine.controller.DefaultController$2.visit(DefaultController.java:1) ~[?:?]
	at repast.simphony.util.collections.NaryTree.preOrderTraverals(NaryTree.java:292) ~[?:?]
	at repast.simphony.util.collections.NaryTree.preOrderTraverals(NaryTree.java:295) ~[?:?]
	at repast.simphony.util.collections.NaryTree.preOrderTraverals(NaryTree.java:295) ~[?:?]
	at repast.simphony.util.collections.NaryTree.preOrderTraversal(NaryTree.java:288) ~[?:?]
	at repast.simphony.engine.controller.DefaultController.runInitialize(DefaultController.java:212) ~[?:?]
	at repast.simphony.engine.controller.DefaultController.runInitialize(DefaultController.java:383) ~[?:?]
	at repast.simphony.ui.RSApplication.initSim(RSApplication.java:157) ~[?:?]
	at repast.simphony.ui.RSApplication.start(RSApplication.java:189) ~[?:?]
	at repast.simphony.ui.action.StartRun.actionPerformed(StartRun.java:17) ~[?:?]
	at javax.swing.AbstractButton.fireActionPerformed(AbstractButton.java:1967) ~[?:?]
	at javax.swing.AbstractButton$Handler.actionPerformed(AbstractButton.java:2308) ~[?:?]
	at javax.swing.DefaultButtonModel.fireActionPerformed(DefaultButtonModel.java:405) ~[?:?]
	at javax.swing.DefaultButtonModel.setPressed(DefaultButtonModel.java:262) ~[?:?]
	at javax.swing.plaf.basic.BasicButtonListener.mouseReleased(BasicButtonListener.java:279) ~[?:?]
	at java.awt.AWTEventMulticaster.mouseReleased(AWTEventMulticaster.java:297) ~[?:?]
	at java.awt.Component.processMouseEvent(Component.java:6635) ~[?:?]
	at javax.swing.JComponent.processMouseEvent(JComponent.java:3342) ~[?:?]
	at java.awt.Component.processEvent(Component.java:6400) ~[?:?]
	at java.awt.Container.processEvent(Container.java:2263) ~[?:?]
	at java.awt.Component.dispatchEventImpl(Component.java:5011) ~[?:?]
	at java.awt.Container.dispatchEventImpl(Container.java:2321) ~[?:?]
	at java.awt.Component.dispatchEvent(Component.java:4843) ~[?:?]
	at java.awt.LightweightDispatcher.retargetMouseEvent(Container.java:4918) ~[?:?]
	at java.awt.LightweightDispatcher.processMouseEvent(Container.java:4547) ~[?:?]
	at java.awt.LightweightDispatcher.dispatchEvent(Container.java:4488) ~[?:?]
	at java.awt.Container.dispatchEventImpl(Container.java:2307) ~[?:?]
	at java.awt.Window.dispatchEventImpl(Window.java:2772) ~[?:?]
	at java.awt.Component.dispatchEvent(Component.java:4843) ~[?:?]
	at java.awt.EventQueue.dispatchEventImpl(EventQueue.java:772) ~[?:?]
	at java.awt.EventQueue$4.run(EventQueue.java:721) ~[?:?]
	at java.awt.EventQueue$4.run(EventQueue.java:715) ~[?:?]
	at java.security.AccessController.doPrivileged(Native Method) ~[?:?]
	at java.security.ProtectionDomain$JavaSecurityAccessImpl.doIntersectionPrivilege(ProtectionDomain.java:85) ~[?:?]
	at java.security.ProtectionDomain$JavaSecurityAccessImpl.doIntersectionPrivilege(ProtectionDomain.java:95) ~[?:?]
	at java.awt.EventQueue$5.run(EventQueue.java:745) ~[?:?]
	at java.awt.EventQueue$5.run(EventQueue.java:743) ~[?:?]
	at java.security.AccessController.doPrivileged(Native Method) ~[?:?]
	at java.security.ProtectionDomain$JavaSecurityAccessImpl.doIntersectionPrivilege(ProtectionDomain.java:85) ~[?:?]
	at java.awt.EventQueue.dispatchEvent(EventQueue.java:742) ~[?:?]
	at java.awt.EventDispatchThread.pumpOneEventForFilters(EventDispatchThread.java:203) ~[?:?]
	at java.awt.EventDispatchThread.pumpEventsForFilter(EventDispatchThread.java:124) ~[?:?]
	at java.awt.EventDispatchThread.pumpEventsForHierarchy(EventDispatchThread.java:113) ~[?:?]
	at java.awt.EventDispatchThread.pumpEvents(EventDispatchThread.java:109) ~[?:?]
	at java.awt.EventDispatchThread.pumpEvents(EventDispatchThread.java:101) ~[?:?]
	at java.awt.EventDispatchThread.run(EventDispatchThread.java:90) ~[?:?]
Caused by: java.lang.ClassNotFoundException: escaperoute.styles.MyNetworkStyle
	at org.java.plugin.standard.StandardPluginClassLoader.loadClass(Unknown Source) ~[jpf.jar:1.0.0]
	at java.lang.ClassLoader.loadClass(ClassLoader.java:522) ~[?:?]
	at java.lang.Class.forName0(Native Method) ~[?:?]
	at java.lang.Class.forName(Class.java:398) ~[?:?]
	at repast.simphony.gis.visualization.engine.GISStyleRegistrar.registerNetworkStyles(GISStyleRegistrar.java:98) ~[?:?]
	at repast.simphony.gis.visualization.engine.GISStyleRegistrar.registerAllStyles(GISStyleRegistrar.java:39) ~[?:?]
	at repast.simphony.gis.visualization.engine.DisplayCreator3DGIS.createDisplay(DisplayCreator3DGIS.java:69) ~[?:?]
	... 49 more
ERROR [AWT-EventQueue-0] 2022-11-30T21:19:16,344 MessageCenter.INTERNAL.repast.simphony.visualization.engine.DisplayComponentControllerAction - Error while creating displays
java.lang.NullPointerException: null
	at repast.simphony.visualization.engine.DisplayComponentControllerAction.runInitialize(DisplayComponentControllerAction.java:117) ~[?:?]
	at repast.simphony.engine.controller.DefaultController$2.visit(DefaultController.java:214) ~[?:?]
	at repast.simphony.engine.controller.DefaultController$2.visit(DefaultController.java:1) ~[?:?]
	at repast.simphony.util.collections.NaryTree.preOrderTraverals(NaryTree.java:292) ~[?:?]
	at repast.simphony.util.collections.NaryTree.preOrderTraverals(NaryTree.java:295) ~[?:?]
	at repast.simphony.util.collections.NaryTree.preOrderTraverals(NaryTree.java:295) ~[?:?]
	at repast.simphony.util.collections.NaryTree.preOrderTraversal(NaryTree.java:288) ~[?:?]
	at repast.simphony.engine.controller.DefaultController.runInitialize(DefaultController.java:212) ~[?:?]
	at repast.simphony.engine.controller.DefaultController.runInitialize(DefaultController.java:383) ~[?:?]
	at repast.simphony.ui.RSApplication.initSim(RSApplication.java:157) ~[?:?]
	at repast.simphony.ui.RSApplication.start(RSApplication.java:189) ~[?:?]
	at repast.simphony.ui.action.StartRun.actionPerformed(StartRun.java:17) ~[?:?]
	at javax.swing.AbstractButton.fireActionPerformed(AbstractButton.java:1967) ~[?:?]
	at javax.swing.AbstractButton$Handler.actionPerformed(AbstractButton.java:2308) ~[?:?]
	at javax.swing.DefaultButtonModel.fireActionPerformed(DefaultButtonModel.java:405) ~[?:?]
	at javax.swing.DefaultButtonModel.setPressed(DefaultButtonModel.java:262) ~[?:?]
	at javax.swing.plaf.basic.BasicButtonListener.mouseReleased(BasicButtonListener.java:279) ~[?:?]
	at java.awt.AWTEventMulticaster.mouseReleased(AWTEventMulticaster.java:297) ~[?:?]
	at java.awt.Component.processMouseEvent(Component.java:6635) ~[?:?]
	at javax.swing.JComponent.processMouseEvent(JComponent.java:3342) ~[?:?]
	at java.awt.Component.processEvent(Component.java:6400) ~[?:?]
	at java.awt.Container.processEvent(Container.java:2263) ~[?:?]
	at java.awt.Component.dispatchEventImpl(Component.java:5011) ~[?:?]
	at java.awt.Container.dispatchEventImpl(Container.java:2321) ~[?:?]
	at java.awt.Component.dispatchEvent(Component.java:4843) ~[?:?]
	at java.awt.LightweightDispatcher.retargetMouseEvent(Container.java:4918) ~[?:?]
	at java.awt.LightweightDispatcher.processMouseEvent(Container.java:4547) ~[?:?]
	at java.awt.LightweightDispatcher.dispatchEvent(Container.java:4488) ~[?:?]
	at java.awt.Container.dispatchEventImpl(Container.java:2307) ~[?:?]
	at java.awt.Window.dispatchEventImpl(Window.java:2772) ~[?:?]
	at java.awt.Component.dispatchEvent(Component.java:4843) ~[?:?]
	at java.awt.EventQueue.dispatchEventImpl(EventQueue.java:772) ~[?:?]
	at java.awt.EventQueue$4.run(EventQueue.java:721) ~[?:?]
	at java.awt.EventQueue$4.run(EventQueue.java:715) ~[?:?]
	at java.security.AccessController.doPrivileged(Native Method) ~[?:?]
	at java.security.ProtectionDomain$JavaSecurityAccessImpl.doIntersectionPrivilege(ProtectionDomain.java:85) ~[?:?]
	at java.security.ProtectionDomain$JavaSecurityAccessImpl.doIntersectionPrivilege(ProtectionDomain.java:95) ~[?:?]
	at java.awt.EventQueue$5.run(EventQueue.java:745) ~[?:?]
	at java.awt.EventQueue$5.run(EventQueue.java:743) ~[?:?]
	at java.security.AccessController.doPrivileged(Native Method) ~[?:?]
	at java.security.ProtectionDomain$JavaSecurityAccessImpl.doIntersectionPrivilege(ProtectionDomain.java:85) ~[?:?]
	at java.awt.EventQueue.dispatchEvent(EventQueue.java:742) ~[?:?]
	at java.awt.EventDispatchThread.pumpOneEventForFilters(EventDispatchThread.java:203) ~[?:?]
	at java.awt.EventDispatchThread.pumpEventsForFilter(EventDispatchThread.java:124) ~[?:?]
	at java.awt.EventDispatchThread.pumpEventsForHierarchy(EventDispatchThread.java:113) ~[?:?]
	at java.awt.EventDispatchThread.pumpEvents(EventDispatchThread.java:109) ~[?:?]
	at java.awt.EventDispatchThread.pumpEvents(EventDispatchThread.java:101) ~[?:?]
	at java.awt.EventDispatchThread.run(EventDispatchThread.java:90) ~[?:?]
