2017-10-25 09:50:54,188 - SimpleLog4JLogSystem initialized using logfile 'velocity.log'
2017-10-25 09:50:54,188 - ************************************************************** 
2017-10-25 09:50:54,188 - Starting Jakarta Velocity v1.4
2017-10-25 09:50:54,188 - RuntimeInstance initializing.
2017-10-25 09:50:54,188 - Default Properties File: org\apache\velocity\runtime\defaults\velocity.properties
2017-10-25 09:50:54,188 - Trying to use logger class org.apache.velocity.runtime.log.SimpleLog4JLogSystem
2017-10-25 09:50:54,189 - Using logger class org.apache.velocity.runtime.log.SimpleLog4JLogSystem
2017-10-25 09:50:54,192 - Default ResourceManager initializing. (class org.apache.velocity.runtime.resource.ResourceManagerImpl)
2017-10-25 09:50:54,198 - Resource Loader Instantiated: org.apache.velocity.runtime.resource.loader.ClasspathResourceLoader
2017-10-25 09:50:54,198 - ClasspathResourceLoader : initialization starting.
2017-10-25 09:50:54,198 - ClasspathResourceLoader : initialization complete.
2017-10-25 09:50:54,200 - ResourceCache : initialized. (class org.apache.velocity.runtime.resource.ResourceCacheImpl)
2017-10-25 09:50:54,200 - Default ResourceManager initialization complete.
2017-10-25 09:50:54,205 - Loaded System Directive: org.apache.velocity.runtime.directive.Literal
2017-10-25 09:50:54,208 - Loaded System Directive: org.apache.velocity.runtime.directive.Macro
2017-10-25 09:50:54,211 - Loaded System Directive: org.apache.velocity.runtime.directive.Parse
2017-10-25 09:50:54,214 - Loaded System Directive: org.apache.velocity.runtime.directive.Include
2017-10-25 09:50:54,215 - Loaded System Directive: org.apache.velocity.runtime.directive.Foreach
2017-10-25 09:50:54,241 - Created: 20 parsers.
2017-10-25 09:50:54,255 - Velocimacro : initialization starting.
2017-10-25 09:50:54,255 - Velocimacro : adding VMs from VM library template : VM_global_library.vm
2017-10-25 09:50:54,265 - ResourceManager : unable to find resource 'VM_global_library.vm' in any resource loader.
2017-10-25 09:50:54,265 - Velocimacro : error using  VM library template VM_global_library.vm : org.apache.velocity.exception.ResourceNotFoundException: Unable to find resource 'VM_global_library.vm'
2017-10-25 09:50:54,265 - Velocimacro :  VM library template macro registration complete.
2017-10-25 09:50:54,265 - Velocimacro : allowInline = true : VMs can be defined inline in templates
2017-10-25 09:50:54,265 - Velocimacro : allowInlineToOverride = false : VMs defined inline may NOT replace previous VM definitions
2017-10-25 09:50:54,265 - Velocimacro : allowInlineLocal = false : VMs defined inline will be  global in scope if allowed.
2017-10-25 09:50:54,265 - Velocimacro : messages on  : VM system will output logging messages
2017-10-25 09:50:54,265 - Velocimacro : autoload off  : VM system will not automatically reload global library macros
2017-10-25 09:50:54,265 - Velocimacro : initialization complete.
2017-10-25 09:50:54,265 - Velocity successfully started.
2017-10-25 09:52:16,629 - SimpleLog4JLogSystem initialized using logfile 'velocity.log'
2017-10-25 09:52:16,629 - ************************************************************** 
2017-10-25 09:52:16,629 - Starting Jakarta Velocity v1.4
2017-10-25 09:52:16,629 - RuntimeInstance initializing.
2017-10-25 09:52:16,629 - Default Properties File: org\apache\velocity\runtime\defaults\velocity.properties
2017-10-25 09:52:16,629 - Trying to use logger class org.apache.velocity.runtime.log.SimpleLog4JLogSystem
2017-10-25 09:52:16,629 - Using logger class org.apache.velocity.runtime.log.SimpleLog4JLogSystem
2017-10-25 09:52:16,634 - Default ResourceManager initializing. (class org.apache.velocity.runtime.resource.ResourceManagerImpl)
2017-10-25 09:52:16,638 - Resource Loader Instantiated: org.apache.velocity.runtime.resource.loader.ClasspathResourceLoader
2017-10-25 09:52:16,639 - ClasspathResourceLoader : initialization starting.
2017-10-25 09:52:16,639 - ClasspathResourceLoader : initialization complete.
2017-10-25 09:52:16,641 - ResourceCache : initialized. (class org.apache.velocity.runtime.resource.ResourceCacheImpl)
2017-10-25 09:52:16,641 - Default ResourceManager initialization complete.
2017-10-25 09:52:16,647 - Loaded System Directive: org.apache.velocity.runtime.directive.Literal
2017-10-25 09:52:16,650 - Loaded System Directive: org.apache.velocity.runtime.directive.Macro
2017-10-25 09:52:16,654 - Loaded System Directive: org.apache.velocity.runtime.directive.Parse
2017-10-25 09:52:16,656 - Loaded System Directive: org.apache.velocity.runtime.directive.Include
2017-10-25 09:52:16,658 - Loaded System Directive: org.apache.velocity.runtime.directive.Foreach
2017-10-25 09:52:16,688 - Created: 20 parsers.
2017-10-25 09:52:16,699 - Velocimacro : initialization starting.
2017-10-25 09:52:16,700 - Velocimacro : adding VMs from VM library template : VM_global_library.vm
2017-10-25 09:52:16,710 - ResourceManager : unable to find resource 'VM_global_library.vm' in any resource loader.
2017-10-25 09:52:16,710 - Velocimacro : error using  VM library template VM_global_library.vm : org.apache.velocity.exception.ResourceNotFoundException: Unable to find resource 'VM_global_library.vm'
2017-10-25 09:52:16,710 - Velocimacro :  VM library template macro registration complete.
2017-10-25 09:52:16,710 - Velocimacro : allowInline = true : VMs can be defined inline in templates
2017-10-25 09:52:16,710 - Velocimacro : allowInlineToOverride = false : VMs defined inline may NOT replace previous VM definitions
2017-10-25 09:52:16,710 - Velocimacro : allowInlineLocal = false : VMs defined inline will be  global in scope if allowed.
2017-10-25 09:52:16,710 - Velocimacro : messages on  : VM system will output logging messages
2017-10-25 09:52:16,710 - Velocimacro : autoload off  : VM system will not automatically reload global library macros
2017-10-25 09:52:16,710 - Velocimacro : initialization complete.
2017-10-25 09:52:16,710 - Velocity successfully started.
2017-10-25 09:55:15,759 - SimpleLog4JLogSystem initialized using logfile 'velocity.log'
2017-10-25 09:55:15,759 - ************************************************************** 
2017-10-25 09:55:15,759 - Starting Jakarta Velocity v1.4
2017-10-25 09:55:15,760 - RuntimeInstance initializing.
2017-10-25 09:55:15,760 - Default Properties File: org\apache\velocity\runtime\defaults\velocity.properties
2017-10-25 09:55:15,760 - Trying to use logger class org.apache.velocity.runtime.log.SimpleLog4JLogSystem
2017-10-25 09:55:15,760 - Using logger class org.apache.velocity.runtime.log.SimpleLog4JLogSystem
2017-10-25 09:55:15,764 - Default ResourceManager initializing. (class org.apache.velocity.runtime.resource.ResourceManagerImpl)
2017-10-25 09:55:15,768 - Resource Loader Instantiated: org.apache.velocity.runtime.resource.loader.ClasspathResourceLoader
2017-10-25 09:55:15,769 - ClasspathResourceLoader : initialization starting.
2017-10-25 09:55:15,769 - ClasspathResourceLoader : initialization complete.
2017-10-25 09:55:15,771 - ResourceCache : initialized. (class org.apache.velocity.runtime.resource.ResourceCacheImpl)
2017-10-25 09:55:15,771 - Default ResourceManager initialization complete.
2017-10-25 09:55:15,777 - Loaded System Directive: org.apache.velocity.runtime.directive.Literal
2017-10-25 09:55:15,780 - Loaded System Directive: org.apache.velocity.runtime.directive.Macro
2017-10-25 09:55:15,784 - Loaded System Directive: org.apache.velocity.runtime.directive.Parse
2017-10-25 09:55:15,786 - Loaded System Directive: org.apache.velocity.runtime.directive.Include
2017-10-25 09:55:15,788 - Loaded System Directive: org.apache.velocity.runtime.directive.Foreach
2017-10-25 09:55:15,818 - Created: 20 parsers.
2017-10-25 09:55:15,830 - Velocimacro : initialization starting.
2017-10-25 09:55:15,830 - Velocimacro : adding VMs from VM library template : VM_global_library.vm
2017-10-25 09:55:15,839 - ResourceManager : unable to find resource 'VM_global_library.vm' in any resource loader.
2017-10-25 09:55:15,840 - Velocimacro : error using  VM library template VM_global_library.vm : org.apache.velocity.exception.ResourceNotFoundException: Unable to find resource 'VM_global_library.vm'
2017-10-25 09:55:15,840 - Velocimacro :  VM library template macro registration complete.
2017-10-25 09:55:15,840 - Velocimacro : allowInline = true : VMs can be defined inline in templates
2017-10-25 09:55:15,840 - Velocimacro : allowInlineToOverride = false : VMs defined inline may NOT replace previous VM definitions
2017-10-25 09:55:15,840 - Velocimacro : allowInlineLocal = false : VMs defined inline will be  global in scope if allowed.
2017-10-25 09:55:15,840 - Velocimacro : messages on  : VM system will output logging messages
2017-10-25 09:55:15,840 - Velocimacro : autoload off  : VM system will not automatically reload global library macros
2017-10-25 09:55:15,840 - Velocimacro : initialization complete.
2017-10-25 09:55:15,840 - Velocity successfully started.
2018-09-03 13:24:11,228 - SimpleLog4JLogSystem initialized using logfile 'velocity.log'
2018-09-03 13:24:11,229 - ************************************************************** 
2018-09-03 13:24:11,229 - Starting Jakarta Velocity v1.4
2018-09-03 13:24:11,229 - RuntimeInstance initializing.
2018-09-03 13:24:11,229 - Default Properties File: org\apache\velocity\runtime\defaults\velocity.properties
2018-09-03 13:24:11,229 - Trying to use logger class org.apache.velocity.runtime.log.SimpleLog4JLogSystem
2018-09-03 13:24:11,229 - Using logger class org.apache.velocity.runtime.log.SimpleLog4JLogSystem
2018-09-03 13:24:11,231 - Default ResourceManager initializing. (class org.apache.velocity.runtime.resource.ResourceManagerImpl)
2018-09-03 13:24:11,232 - Resource Loader Instantiated: org.apache.velocity.runtime.resource.loader.ClasspathResourceLoader
2018-09-03 13:24:11,232 - ClasspathResourceLoader : initialization starting.
2018-09-03 13:24:11,232 - ClasspathResourceLoader : initialization complete.
2018-09-03 13:24:11,233 - ResourceCache : initialized. (class org.apache.velocity.runtime.resource.ResourceCacheImpl)
2018-09-03 13:24:11,233 - Default ResourceManager initialization complete.
2018-09-03 13:24:11,234 - Loaded System Directive: org.apache.velocity.runtime.directive.Literal
2018-09-03 13:24:11,234 - Loaded System Directive: org.apache.velocity.runtime.directive.Macro
2018-09-03 13:24:11,235 - Loaded System Directive: org.apache.velocity.runtime.directive.Parse
2018-09-03 13:24:11,236 - Loaded System Directive: org.apache.velocity.runtime.directive.Include
2018-09-03 13:24:11,237 - Loaded System Directive: org.apache.velocity.runtime.directive.Foreach
2018-09-03 13:24:11,253 - Created: 20 parsers.
2018-09-03 13:24:11,256 - Velocimacro : initialization starting.
2018-09-03 13:24:11,256 - Velocimacro : adding VMs from VM library template : VM_global_library.vm
2018-09-03 13:24:11,257 - ResourceManager : unable to find resource 'VM_global_library.vm' in any resource loader.
2018-09-03 13:24:11,258 - Velocimacro : error using  VM library template VM_global_library.vm : org.apache.velocity.exception.ResourceNotFoundException: Unable to find resource 'VM_global_library.vm'
2018-09-03 13:24:11,258 - Velocimacro :  VM library template macro registration complete.
2018-09-03 13:24:11,258 - Velocimacro : allowInline = true : VMs can be defined inline in templates
2018-09-03 13:24:11,258 - Velocimacro : allowInlineToOverride = false : VMs defined inline may NOT replace previous VM definitions
2018-09-03 13:24:11,258 - Velocimacro : allowInlineLocal = false : VMs defined inline will be  global in scope if allowed.
2018-09-03 13:24:11,258 - Velocimacro : messages on  : VM system will output logging messages
2018-09-03 13:24:11,258 - Velocimacro : autoload off  : VM system will not automatically reload global library macros
2018-09-03 13:24:11,258 - Velocimacro : initialization complete.
2018-09-03 13:24:11,258 - Velocity successfully started.
2018-09-07 16:42:43,732 - SimpleLog4JLogSystem initialized using logfile 'velocity.log'
2018-09-07 16:42:43,732 - ************************************************************** 
2018-09-07 16:42:43,732 - Starting Jakarta Velocity v1.4
2018-09-07 16:42:43,732 - RuntimeInstance initializing.
2018-09-07 16:42:43,732 - Default Properties File: org\apache\velocity\runtime\defaults\velocity.properties
2018-09-07 16:42:43,732 - Trying to use logger class org.apache.velocity.runtime.log.SimpleLog4JLogSystem
2018-09-07 16:42:43,732 - Using logger class org.apache.velocity.runtime.log.SimpleLog4JLogSystem
2018-09-07 16:42:43,732 - Default ResourceManager initializing. (class org.apache.velocity.runtime.resource.ResourceManagerImpl)
2018-09-07 16:42:43,732 - Resource Loader Instantiated: org.apache.velocity.runtime.resource.loader.ClasspathResourceLoader
2018-09-07 16:42:43,732 - ClasspathResourceLoader : initialization starting.
2018-09-07 16:42:43,732 - ClasspathResourceLoader : initialization complete.
2018-09-07 16:42:43,732 - ResourceCache : initialized. (class org.apache.velocity.runtime.resource.ResourceCacheImpl)
2018-09-07 16:42:43,732 - Default ResourceManager initialization complete.
2018-09-07 16:42:43,748 - Loaded System Directive: org.apache.velocity.runtime.directive.Literal
2018-09-07 16:42:43,748 - Loaded System Directive: org.apache.velocity.runtime.directive.Macro
2018-09-07 16:42:43,748 - Loaded System Directive: org.apache.velocity.runtime.directive.Parse
2018-09-07 16:42:43,748 - Loaded System Directive: org.apache.velocity.runtime.directive.Include
2018-09-07 16:42:43,748 - Loaded System Directive: org.apache.velocity.runtime.directive.Foreach
2018-09-07 16:42:43,764 - Created: 20 parsers.
2018-09-07 16:42:43,764 - Velocimacro : initialization starting.
2018-09-07 16:42:43,764 - Velocimacro : adding VMs from VM library template : VM_global_library.vm
2018-09-07 16:42:43,764 - ResourceManager : unable to find resource 'VM_global_library.vm' in any resource loader.
2018-09-07 16:42:43,764 - Velocimacro : error using  VM library template VM_global_library.vm : org.apache.velocity.exception.ResourceNotFoundException: Unable to find resource 'VM_global_library.vm'
2018-09-07 16:42:43,764 - Velocimacro :  VM library template macro registration complete.
2018-09-07 16:42:43,764 - Velocimacro : allowInline = true : VMs can be defined inline in templates
2018-09-07 16:42:43,764 - Velocimacro : allowInlineToOverride = false : VMs defined inline may NOT replace previous VM definitions
2018-09-07 16:42:43,764 - Velocimacro : allowInlineLocal = false : VMs defined inline will be  global in scope if allowed.
2018-09-07 16:42:43,764 - Velocimacro : messages on  : VM system will output logging messages
2018-09-07 16:42:43,764 - Velocimacro : autoload off  : VM system will not automatically reload global library macros
2018-09-07 16:42:43,764 - Velocimacro : initialization complete.
2018-09-07 16:42:43,764 - Velocity successfully started.
2018-09-09 13:32:14,146 - SimpleLog4JLogSystem initialized using logfile 'velocity.log'
2018-09-09 13:32:14,146 - ************************************************************** 
2018-09-09 13:32:14,146 - Starting Jakarta Velocity v1.4
2018-09-09 13:32:14,147 - RuntimeInstance initializing.
2018-09-09 13:32:14,147 - Default Properties File: org\apache\velocity\runtime\defaults\velocity.properties
2018-09-09 13:32:14,147 - Trying to use logger class org.apache.velocity.runtime.log.SimpleLog4JLogSystem
2018-09-09 13:32:14,147 - Using logger class org.apache.velocity.runtime.log.SimpleLog4JLogSystem
2018-09-09 13:32:14,148 - Default ResourceManager initializing. (class org.apache.velocity.runtime.resource.ResourceManagerImpl)
2018-09-09 13:32:14,149 - Resource Loader Instantiated: org.apache.velocity.runtime.resource.loader.ClasspathResourceLoader
2018-09-09 13:32:14,149 - ClasspathResourceLoader : initialization starting.
2018-09-09 13:32:14,149 - ClasspathResourceLoader : initialization complete.
2018-09-09 13:32:14,150 - ResourceCache : initialized. (class org.apache.velocity.runtime.resource.ResourceCacheImpl)
2018-09-09 13:32:14,150 - Default ResourceManager initialization complete.
2018-09-09 13:32:14,150 - Loaded System Directive: org.apache.velocity.runtime.directive.Literal
2018-09-09 13:32:14,151 - Loaded System Directive: org.apache.velocity.runtime.directive.Macro
2018-09-09 13:32:14,152 - Loaded System Directive: org.apache.velocity.runtime.directive.Parse
2018-09-09 13:32:14,153 - Loaded System Directive: org.apache.velocity.runtime.directive.Include
2018-09-09 13:32:14,153 - Loaded System Directive: org.apache.velocity.runtime.directive.Foreach
2018-09-09 13:32:14,169 - Created: 20 parsers.
2018-09-09 13:32:14,171 - Velocimacro : initialization starting.
2018-09-09 13:32:14,171 - Velocimacro : adding VMs from VM library template : VM_global_library.vm
2018-09-09 13:32:14,173 - ResourceManager : unable to find resource 'VM_global_library.vm' in any resource loader.
2018-09-09 13:32:14,173 - Velocimacro : error using  VM library template VM_global_library.vm : org.apache.velocity.exception.ResourceNotFoundException: Unable to find resource 'VM_global_library.vm'
2018-09-09 13:32:14,173 - Velocimacro :  VM library template macro registration complete.
2018-09-09 13:32:14,173 - Velocimacro : allowInline = true : VMs can be defined inline in templates
2018-09-09 13:32:14,173 - Velocimacro : allowInlineToOverride = false : VMs defined inline may NOT replace previous VM definitions
2018-09-09 13:32:14,173 - Velocimacro : allowInlineLocal = false : VMs defined inline will be  global in scope if allowed.
2018-09-09 13:32:14,173 - Velocimacro : messages on  : VM system will output logging messages
2018-09-09 13:32:14,173 - Velocimacro : autoload off  : VM system will not automatically reload global library macros
2018-09-09 13:32:14,173 - Velocimacro : initialization complete.
2018-09-09 13:32:14,173 - Velocity successfully started.
2018-11-06 16:53:28,210 - SimpleLog4JLogSystem initialized using logfile 'velocity.log'
2018-11-06 16:53:28,210 - ************************************************************** 
2018-11-06 16:53:28,210 - Starting Jakarta Velocity v1.4
2018-11-06 16:53:28,211 - RuntimeInstance initializing.
2018-11-06 16:53:28,211 - Default Properties File: org\apache\velocity\runtime\defaults\velocity.properties
2018-11-06 16:53:28,211 - Trying to use logger class org.apache.velocity.runtime.log.SimpleLog4JLogSystem
2018-11-06 16:53:28,211 - Using logger class org.apache.velocity.runtime.log.SimpleLog4JLogSystem
2018-11-06 16:53:28,212 - Default ResourceManager initializing. (class org.apache.velocity.runtime.resource.ResourceManagerImpl)
2018-11-06 16:53:28,213 - Resource Loader Instantiated: org.apache.velocity.runtime.resource.loader.ClasspathResourceLoader
2018-11-06 16:53:28,213 - ClasspathResourceLoader : initialization starting.
2018-11-06 16:53:28,213 - ClasspathResourceLoader : initialization complete.
2018-11-06 16:53:28,214 - ResourceCache : initialized. (class org.apache.velocity.runtime.resource.ResourceCacheImpl)
2018-11-06 16:53:28,214 - Default ResourceManager initialization complete.
2018-11-06 16:53:28,215 - Loaded System Directive: org.apache.velocity.runtime.directive.Literal
2018-11-06 16:53:28,216 - Loaded System Directive: org.apache.velocity.runtime.directive.Macro
2018-11-06 16:53:28,217 - Loaded System Directive: org.apache.velocity.runtime.directive.Parse
2018-11-06 16:53:28,218 - Loaded System Directive: org.apache.velocity.runtime.directive.Include
2018-11-06 16:53:28,218 - Loaded System Directive: org.apache.velocity.runtime.directive.Foreach
2018-11-06 16:53:28,234 - Created: 20 parsers.
2018-11-06 16:53:28,238 - Velocimacro : initialization starting.
2018-11-06 16:53:28,238 - Velocimacro : adding VMs from VM library template : VM_global_library.vm
2018-11-06 16:53:28,240 - ResourceManager : unable to find resource 'VM_global_library.vm' in any resource loader.
2018-11-06 16:53:28,240 - Velocimacro : error using  VM library template VM_global_library.vm : org.apache.velocity.exception.ResourceNotFoundException: Unable to find resource 'VM_global_library.vm'
2018-11-06 16:53:28,240 - Velocimacro :  VM library template macro registration complete.
2018-11-06 16:53:28,240 - Velocimacro : allowInline = true : VMs can be defined inline in templates
2018-11-06 16:53:28,240 - Velocimacro : allowInlineToOverride = false : VMs defined inline may NOT replace previous VM definitions
2018-11-06 16:53:28,240 - Velocimacro : allowInlineLocal = false : VMs defined inline will be  global in scope if allowed.
2018-11-06 16:53:28,240 - Velocimacro : messages on  : VM system will output logging messages
2018-11-06 16:53:28,240 - Velocimacro : autoload off  : VM system will not automatically reload global library macros
2018-11-06 16:53:28,240 - Velocimacro : initialization complete.
2018-11-06 16:53:28,240 - Velocity successfully started.
2018-11-06 16:53:58,417 - SimpleLog4JLogSystem initialized using logfile 'velocity.log'
2018-11-06 16:53:58,417 - ************************************************************** 
2018-11-06 16:53:58,417 - Starting Jakarta Velocity v1.4
2018-11-06 16:53:58,417 - RuntimeInstance initializing.
2018-11-06 16:53:58,417 - Default Properties File: org\apache\velocity\runtime\defaults\velocity.properties
2018-11-06 16:53:58,418 - Trying to use logger class org.apache.velocity.runtime.log.SimpleLog4JLogSystem
2018-11-06 16:53:58,418 - Using logger class org.apache.velocity.runtime.log.SimpleLog4JLogSystem
2018-11-06 16:53:58,419 - Default ResourceManager initializing. (class org.apache.velocity.runtime.resource.ResourceManagerImpl)
2018-11-06 16:53:58,420 - Resource Loader Instantiated: org.apache.velocity.runtime.resource.loader.ClasspathResourceLoader
2018-11-06 16:53:58,421 - ClasspathResourceLoader : initialization starting.
2018-11-06 16:53:58,421 - ClasspathResourceLoader : initialization complete.
2018-11-06 16:53:58,421 - ResourceCache : initialized. (class org.apache.velocity.runtime.resource.ResourceCacheImpl)
2018-11-06 16:53:58,421 - Default ResourceManager initialization complete.
2018-11-06 16:53:58,422 - Loaded System Directive: org.apache.velocity.runtime.directive.Literal
2018-11-06 16:53:58,423 - Loaded System Directive: org.apache.velocity.runtime.directive.Macro
2018-11-06 16:53:58,424 - Loaded System Directive: org.apache.velocity.runtime.directive.Parse
2018-11-06 16:53:58,425 - Loaded System Directive: org.apache.velocity.runtime.directive.Include
2018-11-06 16:53:58,426 - Loaded System Directive: org.apache.velocity.runtime.directive.Foreach
2018-11-06 16:53:58,443 - Created: 20 parsers.
2018-11-06 16:53:58,447 - Velocimacro : initialization starting.
2018-11-06 16:53:58,447 - Velocimacro : adding VMs from VM library template : VM_global_library.vm
2018-11-06 16:53:58,449 - ResourceManager : unable to find resource 'VM_global_library.vm' in any resource loader.
2018-11-06 16:53:58,449 - Velocimacro : error using  VM library template VM_global_library.vm : org.apache.velocity.exception.ResourceNotFoundException: Unable to find resource 'VM_global_library.vm'
2018-11-06 16:53:58,450 - Velocimacro :  VM library template macro registration complete.
2018-11-06 16:53:58,450 - Velocimacro : allowInline = true : VMs can be defined inline in templates
2018-11-06 16:53:58,450 - Velocimacro : allowInlineToOverride = false : VMs defined inline may NOT replace previous VM definitions
2018-11-06 16:53:58,450 - Velocimacro : allowInlineLocal = false : VMs defined inline will be  global in scope if allowed.
2018-11-06 16:53:58,450 - Velocimacro : messages on  : VM system will output logging messages
2018-11-06 16:53:58,450 - Velocimacro : autoload off  : VM system will not automatically reload global library macros
2018-11-06 16:53:58,450 - Velocimacro : initialization complete.
2018-11-06 16:53:58,450 - Velocity successfully started.
2020-09-18 13:54:03,947 - SimpleLog4JLogSystem initialized using logfile 'velocity.log'
2020-09-18 13:54:03,948 - ************************************************************** 
2020-09-18 13:54:03,948 - Starting Jakarta Velocity v1.4
2020-09-18 13:54:03,948 - RuntimeInstance initializing.
2020-09-18 13:54:03,948 - Default Properties File: org\apache\velocity\runtime\defaults\velocity.properties
2020-09-18 13:54:03,948 - Trying to use logger class org.apache.velocity.runtime.log.SimpleLog4JLogSystem
2020-09-18 13:54:03,948 - Using logger class org.apache.velocity.runtime.log.SimpleLog4JLogSystem
2020-09-18 13:54:03,949 - Default ResourceManager initializing. (class org.apache.velocity.runtime.resource.ResourceManagerImpl)
2020-09-18 13:54:03,950 - Resource Loader Instantiated: org.apache.velocity.runtime.resource.loader.ClasspathResourceLoader
2020-09-18 13:54:03,951 - ClasspathResourceLoader : initialization starting.
2020-09-18 13:54:03,951 - ClasspathResourceLoader : initialization complete.
2020-09-18 13:54:03,951 - ResourceCache : initialized. (class org.apache.velocity.runtime.resource.ResourceCacheImpl)
2020-09-18 13:54:03,951 - Default ResourceManager initialization complete.
2020-09-18 13:54:03,953 - Loaded System Directive: org.apache.velocity.runtime.directive.Literal
2020-09-18 13:54:03,953 - Loaded System Directive: org.apache.velocity.runtime.directive.Macro
2020-09-18 13:54:03,955 - Loaded System Directive: org.apache.velocity.runtime.directive.Parse
2020-09-18 13:54:03,955 - Loaded System Directive: org.apache.velocity.runtime.directive.Include
2020-09-18 13:54:03,956 - Loaded System Directive: org.apache.velocity.runtime.directive.Foreach
2020-09-18 13:54:03,977 - Created: 20 parsers.
2020-09-18 13:54:03,980 - Velocimacro : initialization starting.
2020-09-18 13:54:03,980 - Velocimacro : adding VMs from VM library template : VM_global_library.vm
2020-09-18 13:54:03,982 - ResourceManager : unable to find resource 'VM_global_library.vm' in any resource loader.
2020-09-18 13:54:03,982 - Velocimacro : error using  VM library template VM_global_library.vm : org.apache.velocity.exception.ResourceNotFoundException: Unable to find resource 'VM_global_library.vm'
2020-09-18 13:54:03,982 - Velocimacro :  VM library template macro registration complete.
2020-09-18 13:54:03,982 - Velocimacro : allowInline = true : VMs can be defined inline in templates
2020-09-18 13:54:03,982 - Velocimacro : allowInlineToOverride = false : VMs defined inline may NOT replace previous VM definitions
2020-09-18 13:54:03,982 - Velocimacro : allowInlineLocal = false : VMs defined inline will be  global in scope if allowed.
2020-09-18 13:54:03,982 - Velocimacro : messages on  : VM system will output logging messages
2020-09-18 13:54:03,982 - Velocimacro : autoload off  : VM system will not automatically reload global library macros
2020-09-18 13:54:03,982 - Velocimacro : initialization complete.
2020-09-18 13:54:03,982 - Velocity successfully started.
2021-10-10 15:00:01,598 - SimpleLog4JLogSystem initialized using logfile 'velocity.log'
2021-10-10 15:00:01,599 - ************************************************************** 
2021-10-10 15:00:01,599 - Starting Jakarta Velocity v1.4
2021-10-10 15:00:01,599 - RuntimeInstance initializing.
2021-10-10 15:00:01,599 - Default Properties File: org\apache\velocity\runtime\defaults\velocity.properties
2021-10-10 15:00:01,599 - Trying to use logger class org.apache.velocity.runtime.log.SimpleLog4JLogSystem
2021-10-10 15:00:01,599 - Using logger class org.apache.velocity.runtime.log.SimpleLog4JLogSystem
2021-10-10 15:00:01,602 - Default ResourceManager initializing. (class org.apache.velocity.runtime.resource.ResourceManagerImpl)
2021-10-10 15:00:01,605 - Resource Loader Instantiated: org.apache.velocity.runtime.resource.loader.ClasspathResourceLoader
2021-10-10 15:00:01,606 - ClasspathResourceLoader : initialization starting.
2021-10-10 15:00:01,606 - ClasspathResourceLoader : initialization complete.
2021-10-10 15:00:01,607 - ResourceCache : initialized. (class org.apache.velocity.runtime.resource.ResourceCacheImpl)
2021-10-10 15:00:01,608 - Default ResourceManager initialization complete.
2021-10-10 15:00:01,610 - Loaded System Directive: org.apache.velocity.runtime.directive.Literal
2021-10-10 15:00:01,613 - Loaded System Directive: org.apache.velocity.runtime.directive.Macro
2021-10-10 15:00:01,616 - Loaded System Directive: org.apache.velocity.runtime.directive.Parse
2021-10-10 15:00:01,619 - Loaded System Directive: org.apache.velocity.runtime.directive.Include
2021-10-10 15:00:01,621 - Loaded System Directive: org.apache.velocity.runtime.directive.Foreach
2021-10-10 15:00:01,660 - Created: 20 parsers.
2021-10-10 15:00:01,670 - Velocimacro : initialization starting.
2021-10-10 15:00:01,670 - Velocimacro : adding VMs from VM library template : VM_global_library.vm
2021-10-10 15:00:01,675 - ResourceManager : unable to find resource 'VM_global_library.vm' in any resource loader.
2021-10-10 15:00:01,675 - Velocimacro : error using  VM library template VM_global_library.vm : org.apache.velocity.exception.ResourceNotFoundException: Unable to find resource 'VM_global_library.vm'
2021-10-10 15:00:01,675 - Velocimacro :  VM library template macro registration complete.
2021-10-10 15:00:01,675 - Velocimacro : allowInline = true : VMs can be defined inline in templates
2021-10-10 15:00:01,676 - Velocimacro : allowInlineToOverride = false : VMs defined inline may NOT replace previous VM definitions
2021-10-10 15:00:01,676 - Velocimacro : allowInlineLocal = false : VMs defined inline will be  global in scope if allowed.
2021-10-10 15:00:01,676 - Velocimacro : messages on  : VM system will output logging messages
2021-10-10 15:00:01,677 - Velocimacro : autoload off  : VM system will not automatically reload global library macros
2021-10-10 15:00:01,677 - Velocimacro : initialization complete.
2021-10-10 15:00:01,677 - Velocity successfully started.
